[09:27:09] [DiscLoader/INFO]: Attempting to login
[09:27:10] [Gateway/INFO]: Connecting to Gateway with Endpoint: wss://gateway.discord.gg?v=7&encoding=json
[09:27:11] [Gateway Listener/INFO]: Connected to the gateway
[09:27:52] [Gateway/INFO]: Attempting to Heartbeat
[09:27:53] [Gateway Listener/INFO]: Heartbeat Acknowledged
[09:28:34] [Gateway/INFO]: Attempting to Heartbeat
[09:28:34] [Gateway Listener/INFO]: Heartbeat Acknowledged
[09:29:15] [Gateway/INFO]: Attempting to Heartbeat
[09:29:15] [Gateway Listener/INFO]: Heartbeat Acknowledged
[09:29:56] [Gateway/INFO]: Attempting to Heartbeat
[09:29:56] [Gateway Listener/INFO]: Heartbeat Acknowledged
[09:30:37] [Gateway/INFO]: Attempting to Heartbeat
[09:30:38] [Gateway Listener/INFO]: Heartbeat Acknowledged
[09:34:37] [Gateway/INFO]: Attempting to Heartbeat
[09:34:37] [Gateway/SEVERE]: Killing heartbeat
[09:34:37] [Gateway/WARNING]: The thread: Gateway - Heartbeat, has been interrupted
[09:34:37] [Gateway/WARNING]: The thread: Gateway - Rate Limiter, has been interrupted
[09:34:37] [Gateway Listener/SEVERE]: Client was disconnected from the gateway, Code: 1008
[09:34:37] [Gateway Listener/INFO]: Waiting to reconnect to the gateway
[09:34:42] [Gateway Listener/INFO]: Attempting to reconnect to the gateway
[09:34:43] [Gateway Listener/INFO]: Connected to the gateway
