[09:26:15] [DiscLoader/INFO]: Attempting to login
[09:26:17] [Gateway/INFO]: Connecting to Gateway with Endpoint: wss://gateway.discord.gg?v=7&encoding=json
[09:26:17] [Gateway Listener/INFO]: Connected to the gateway
[09:26:26] [DiscLoader/SEVERE]: java.lang.NullPointerException
[09:26:26] [DiscLoader/SEVERE]: at codekey.main.commands.CommandStatus.execute(CommandStatus.java:31)
[09:26:26] [DiscLoader/SEVERE]: at io.discloader.discloader.client.command.CommandHandler.handleMessageCreate(CommandHandler.java:61)
[09:26:26] [DiscLoader/SEVERE]: at io.discloader.discloader.network.gateway.packets.MessageCreate.handle(MessageCreate.java:54)
[09:26:26] [DiscLoader/SEVERE]: at io.discloader.discloader.network.gateway.GatewayListener.handle(GatewayListener.java:164)
[09:26:26] [DiscLoader/SEVERE]: at io.discloader.discloader.network.gateway.GatewayListener.onTextMessage(GatewayListener.java:233)
[09:26:26] [DiscLoader/SEVERE]: at com.neovisionaries.ws.client.ListenerManager.callOnTextMessage(ListenerManager.java:352)
[09:26:26] [DiscLoader/SEVERE]: at com.neovisionaries.ws.client.ReadingThread.callOnTextMessage(ReadingThread.java:260)
[09:26:26] [DiscLoader/SEVERE]: at com.neovisionaries.ws.client.ReadingThread.callOnTextMessage(ReadingThread.java:238)
[09:26:26] [DiscLoader/SEVERE]: at com.neovisionaries.ws.client.ReadingThread.handleTextFrame(ReadingThread.java:963)
[09:26:26] [DiscLoader/SEVERE]: at com.neovisionaries.ws.client.ReadingThread.handleFrame(ReadingThread.java:746)
[09:26:26] [DiscLoader/SEVERE]: at com.neovisionaries.ws.client.ReadingThread.main(ReadingThread.java:108)
[09:26:26] [DiscLoader/SEVERE]: at com.neovisionaries.ws.client.ReadingThread.runMain(ReadingThread.java:64)
[09:26:26] [DiscLoader/SEVERE]: at com.neovisionaries.ws.client.WebSocketThread.run(WebSocketThread.java:45)
[09:26:27] [DiscLoader/SEVERE]: java.lang.NullPointerException
[09:26:27] [DiscLoader/SEVERE]: at codekey.main.commands.CommandStatus.execute(CommandStatus.java:31)
[09:26:27] [DiscLoader/SEVERE]: at io.discloader.discloader.client.command.CommandHandler.handleMessageCreate(CommandHandler.java:61)
[09:26:27] [DiscLoader/SEVERE]: at io.discloader.discloader.network.gateway.packets.MessageCreate.handle(MessageCreate.java:54)
[09:26:27] [DiscLoader/SEVERE]: at io.discloader.discloader.network.gateway.GatewayListener.handle(GatewayListener.java:164)
[09:26:27] [DiscLoader/SEVERE]: at io.discloader.discloader.network.gateway.GatewayListener.onTextMessage(GatewayListener.java:233)
[09:26:27] [DiscLoader/SEVERE]: at com.neovisionaries.ws.client.ListenerManager.callOnTextMessage(ListenerManager.java:352)
[09:26:27] [DiscLoader/SEVERE]: at com.neovisionaries.ws.client.ReadingThread.callOnTextMessage(ReadingThread.java:260)
[09:26:27] [DiscLoader/SEVERE]: at com.neovisionaries.ws.client.ReadingThread.callOnTextMessage(ReadingThread.java:238)
[09:26:27] [DiscLoader/SEVERE]: at com.neovisionaries.ws.client.ReadingThread.handleTextFrame(ReadingThread.java:963)
[09:26:27] [DiscLoader/SEVERE]: at com.neovisionaries.ws.client.ReadingThread.handleFrame(ReadingThread.java:746)
[09:26:27] [DiscLoader/SEVERE]: at com.neovisionaries.ws.client.ReadingThread.main(ReadingThread.java:108)
[09:26:27] [DiscLoader/SEVERE]: at com.neovisionaries.ws.client.ReadingThread.runMain(ReadingThread.java:64)
[09:26:27] [DiscLoader/SEVERE]: at com.neovisionaries.ws.client.WebSocketThread.run(WebSocketThread.java:45)
[09:26:58] [Gateway/INFO]: Attempting to Heartbeat
[09:26:59] [Gateway Listener/INFO]: Heartbeat Acknowledged
